# JRE version: OpenJDK Runtime Environment Microsoft-13106404 (21.0.10+7) (build 21.0.10+7-LTS)
# Java VM: OpenJDK 64-Bit Server VM Microsoft-13106404 (21.0.10+7-LTS, mixed mode, sharing, tiered, compressed oops, compressed class ptrs, g1 gc, windows-amd64)
GC Precious Log:
 CardTable entry size: 512
 Card Set container configuration: InlinePtr #cards 5 size 8 Array Of Cards #cards 12 size 40 Howl #buckets 4 coarsen threshold 1843 Howl Bitmap #cards 512 size 80 coarsen threshold 460 Card regions per heap region 1 cards per card region 2048
 CPUs: 4 total, 4 available
 Memory: 3521M
 Large Page Support: Disabled
 NUMA Support: Disabled
 Compressed Oops: Enabled (32-bit)
 Heap Region Size: 1M
 Heap Min Capacity: 8M
 Heap Initial Capacity: 56M
 Heap Max Capacity: 2G
 Pre-touch: Disabled
 Parallel Workers: 4
 Concurrent Workers: 1
 Concurrent Refinement Workers: 4
 Periodic GC: Disabled
Heap:
 garbage-first heap   total 226304K, used 162765K [0x0000000080000000, 0x0000000100000000)
  region size 1024K, 52 young (53248K), 9 survivors (9216K)
 Metaspace       used 104960K, committed 107264K, reserved 983040K
  class space    used 14802K, committed 15936K, reserved 851968K
GC Heap History (20 events):
Event: 112.677 GC heap before
{Heap before GC invocations=52 (full 0):
 garbage-first heap   total 135168K, used 129128K [0x0000000080000000, 0x0000000100000000)
  region size 1024K, 45 young (46080K), 2 survivors (2048K)
 Metaspace       used 76006K, committed 78080K, reserved 983040K
  class space    used 10948K, committed 11968K, reserved 851968K
}
Event: 112.696 GC heap after
{Heap after GC invocations=53 (full 0):
 garbage-first heap   total 141312K, used 92543K [0x0000000080000000, 0x0000000100000000)
  region size 1024K, 6 young (6144K), 6 survivors (6144K)
 Metaspace       used 76006K, committed 78080K, reserved 983040K
  class space    used 10948K, committed 11968K, reserved 851968K
}
Event: 116.652 GC heap before
{Heap before GC invocations=53 (full 0):
 garbage-first heap   total 141312K, used 128383K [0x0000000080000000, 0x0000000100000000)
  region size 1024K, 38 young (38912K), 6 survivors (6144K)
 Metaspace       used 78226K, committed 80320K, reserved 983040K
  class space    used 11221K, committed 12288K, reserved 851968K
}
Event: 116.661 GC heap after
{Heap after GC invocations=54 (full 0):
 garbage-first heap   total 141312K, used 99466K [0x0000000080000000, 0x0000000100000000)
  region size 1024K, 4 young (4096K), 4 survivors (4096K)
 Metaspace       used 78226K, committed 80320K, reserved 983040K
  class space    used 11221K, committed 12288K, reserved 851968K
}
Event: 118.698 GC heap before
{Heap before GC invocations=54 (full 0):
 garbage-first heap   total 141312K, used 126090K [0x0000000080000000, 0x0000000100000000)
  region size 1024K, 31 young (31744K), 4 survivors (4096K)
 Metaspace       used 80828K, committed 82944K, reserved 983040K
  class space    used 11500K, committed 12544K, reserved 851968K
}
Event: 118.709 GC heap after
{Heap after GC invocations=55 (full 0):
 garbage-first heap   total 141312K, used 99977K [0x0000000080000000, 0x0000000100000000)
  region size 1024K, 1 young (1024K), 1 survivors (1024K)
 Metaspace       used 80828K, committed 82944K, reserved 983040K
  class space    used 11500K, committed 12544K, reserved 851968K
}
Event: 123.776 GC heap before
{Heap before GC invocations=56 (full 0):
 garbage-first heap   total 167936K, used 133769K [0x0000000080000000, 0x0000000100000000)
  region size 1024K, 30 young (30720K), 1 survivors (1024K)
 Metaspace       used 82810K, committed 84928K, reserved 983040K
  class space    used 11761K, committed 12800K, reserved 851968K
}
Event: 123.785 GC heap after
{Heap after GC invocations=57 (full 0):
 garbage-first heap   total 167936K, used 105178K [0x0000000080000000, 0x0000000100000000)
  region size 1024K, 4 young (4096K), 4 survivors (4096K)
 Metaspace       used 82810K, committed 84928K, reserved 983040K
  class space    used 11761K, committed 12800K, reserved 851968K
}
Event: 132.318 GC heap before
{Heap before GC invocations=57 (full 0):
 garbage-first heap   total 167936K, used 151258K [0x0000000080000000, 0x0000000100000000)
  region size 1024K, 50 young (51200K), 4 survivors (4096K)
 Metaspace       used 86371K, committed 88512K, reserved 983040K
  class space    used 12177K, committed 13248K, reserved 851968K
}
Event: 132.359 GC heap after
{Heap after GC invocations=58 (full 0):
 garbage-first heap   total 167936K, used 105343K [0x0000000080000000, 0x0000000100000000)
  region size 1024K, 6 young (6144K), 6 survivors (6144K)
 Metaspace       used 86371K, committed 88512K, reserved 983040K
  class space    used 12177K, committed 13248K, reserved 851968K
}
Event: 145.605 GC heap before
{Heap before GC invocations=58 (full 0):
 garbage-first heap   total 167936K, used 154495K [0x0000000080000000, 0x0000000100000000)
  region size 1024K, 54 young (55296K), 6 survivors (6144K)
 Metaspace       used 90169K, committed 92352K, reserved 983040K
  class space    used 12704K, committed 13760K, reserved 851968K
}
Event: 145.655 GC heap after
{Heap after GC invocations=59 (full 0):
 garbage-first heap   total 167936K, used 107087K [0x0000000080000000, 0x0000000100000000)
  region size 1024K, 5 young (5120K), 5 survivors (5120K)
 Metaspace       used 90169K, committed 92352K, reserved 983040K
  class space    used 12704K, committed 13760K, reserved 851968K
}
Event: 160.488 GC heap before
{Heap before GC invocations=59 (full 0):
 garbage-first heap   total 167936K, used 154191K [0x0000000080000000, 0x0000000100000000)
  region size 1024K, 51 young (52224K), 5 survivors (5120K)
 Metaspace       used 92461K, committed 94720K, reserved 983040K
  class space    used 12993K, committed 14080K, reserved 851968K
}
Event: 160.532 GC heap after
{Heap after GC invocations=60 (full 0):
 garbage-first heap   total 167936K, used 112242K [0x0000000080000000, 0x0000000100000000)
  region size 1024K, 7 young (7168K), 7 survivors (7168K)
 Metaspace       used 92461K, committed 94720K, reserved 983040K
  class space    used 12993K, committed 14080K, reserved 851968K
}
Event: 169.042 GC heap before
{Heap before GC invocations=61 (full 0):
 garbage-first heap   total 188416K, used 155250K [0x0000000080000000, 0x0000000100000000)
  region size 1024K, 49 young (50176K), 7 survivors (7168K)
 Metaspace       used 93012K, committed 95232K, reserved 983040K
  class space    used 13062K, committed 14144K, reserved 851968K
}
Event: 169.069 GC heap after
{Heap after GC invocations=62 (full 0):
 garbage-first heap   total 188416K, used 115482K [0x0000000080000000, 0x0000000100000000)
  region size 1024K, 4 young (4096K), 4 survivors (4096K)
 Metaspace       used 93012K, committed 95232K, reserved 983040K
  class space    used 13062K, committed 14144K, reserved 851968K
}
Event: 179.497 GC heap before
{Heap before GC invocations=62 (full 0):
 garbage-first heap   total 188416K, used 172826K [0x0000000080000000, 0x0000000100000000)
  region size 1024K, 59 young (60416K), 4 survivors (4096K)
 Metaspace       used 96969K, committed 99264K, reserved 983040K
  class space    used 13649K, committed 14784K, reserved 851968K
}
Event: 179.517 GC heap after
{Heap after GC invocations=63 (full 0):
 garbage-first heap   total 226304K, used 117178K [0x0000000080000000, 0x0000000100000000)
  region size 1024K, 6 young (6144K), 6 survivors (6144K)
 Metaspace       used 96969K, committed 99264K, reserved 983040K
  class space    used 13649K, committed 14784K, reserved 851968K
}
Event: 203.275 GC heap before
{Heap before GC invocations=63 (full 0):
 garbage-first heap   total 226304K, used 211386K [0x0000000080000000, 0x0000000100000000)
  region size 1024K, 98 young (100352K), 6 survivors (6144K)
 Metaspace       used 103347K, committed 105664K, reserved 983040K
  class space    used 14615K, committed 15744K, reserved 851968K
}
Event: 203.333 GC heap after
{Heap after GC invocations=64 (full 0):
 garbage-first heap   total 226304K, used 119757K [0x0000000080000000, 0x0000000100000000)
  region size 1024K, 9 young (9216K), 9 survivors (9216K)
 Metaspace       used 103347K, committed 105664K, reserved 983040K
  class space    used 14615K, committed 15744K, reserved 851968K
}

