# JRE version: OpenJDK Runtime Environment (21.0.9) (build 21.0.9+-14787801-b1163.94)
# Java VM: OpenJDK 64-Bit Server VM (21.0.9+-14787801-b1163.94, mixed mode, tiered, compressed oops, compressed class ptrs, g1 gc, windows-amd64)
GC Precious Log:
 CardTable entry size: 512
 Card Set container configuration: InlinePtr #cards 5 size 8 Array Of Cards #cards 12 size 40 Howl #buckets 4 coarsen threshold 1843 Howl Bitmap #cards 512 size 80 coarsen threshold 460 Card regions per heap region 1 cards per card region 2048
 CPUs: 4 total, 4 available
 Memory: 3521M
 Large Page Support: Disabled
 NUMA Support: Disabled
 Compressed Oops: Enabled (32-bit)
 Heap Region Size: 1M
 Heap Min Capacity: 8M
 Heap Initial Capacity: 56M
 Heap Max Capacity: 882M
 Pre-touch: Disabled
 Parallel Workers: 4
 Concurrent Workers: 1
 Concurrent Refinement Workers: 4
 Periodic GC: Disabled
Heap:
 garbage-first heap   total 87040K, used 75305K [0x00000000c8e00000, 0x0000000100000000)
  region size 1024K, 26 young (26624K), 3 survivors (3072K)
 Metaspace       used 83634K, committed 83968K, reserved 1179648K
  class space    used 9004K, committed 9152K, reserved 1048576K
GC Heap History (20 events):
Event: 58.411 GC heap before
{Heap before GC invocations=19 (full 0):
 garbage-first heap   total 60416K, used 49151K [0x00000000c8e00000, 0x0000000100000000)
  region size 1024K, 14 young (14336K), 1 survivors (1024K)
 Metaspace       used 53771K, committed 54080K, reserved 1114112K
  class space    used 6335K, committed 6464K, reserved 1048576K
}
Event: 58.424 GC heap after
{Heap after GC invocations=20 (full 0):
 garbage-first heap   total 60416K, used 38912K [0x00000000c8e00000, 0x0000000100000000)
  region size 1024K, 2 young (2048K), 2 survivors (2048K)
 Metaspace       used 53771K, committed 54080K, reserved 1114112K
  class space    used 6335K, committed 6464K, reserved 1048576K
}
Event: 62.300 GC heap before
{Heap before GC invocations=20 (full 0):
 garbage-first heap   total 60416K, used 51200K [0x00000000c8e00000, 0x0000000100000000)
  region size 1024K, 14 young (14336K), 2 survivors (2048K)
 Metaspace       used 54473K, committed 54720K, reserved 1114112K
  class space    used 6395K, committed 6528K, reserved 1048576K
}
Event: 62.317 GC heap after
{Heap after GC invocations=21 (full 0):
 garbage-first heap   total 60416K, used 41931K [0x00000000c8e00000, 0x0000000100000000)
  region size 1024K, 2 young (2048K), 2 survivors (2048K)
 Metaspace       used 54473K, committed 54720K, reserved 1114112K
  class space    used 6395K, committed 6528K, reserved 1048576K
}
Event: 67.888 GC heap before
{Heap before GC invocations=22 (full 0):
 garbage-first heap   total 68608K, used 50123K [0x00000000c8e00000, 0x0000000100000000)
  region size 1024K, 12 young (12288K), 2 survivors (2048K)
 Metaspace       used 55573K, committed 55872K, reserved 1114112K
  class space    used 6503K, committed 6592K, reserved 1048576K
}
Event: 67.902 GC heap after
{Heap after GC invocations=23 (full 0):
 garbage-first heap   total 68608K, used 42768K [0x00000000c8e00000, 0x0000000100000000)
  region size 1024K, 2 young (2048K), 2 survivors (2048K)
 Metaspace       used 55573K, committed 55872K, reserved 1114112K
  class space    used 6503K, committed 6592K, reserved 1048576K
}
Event: 73.894 GC heap before
{Heap before GC invocations=23 (full 0):
 garbage-first heap   total 68608K, used 56080K [0x00000000c8e00000, 0x0000000100000000)
  region size 1024K, 16 young (16384K), 2 survivors (2048K)
 Metaspace       used 56575K, committed 56832K, reserved 1114112K
  class space    used 6571K, committed 6656K, reserved 1048576K
}
Event: 73.911 GC heap after
{Heap after GC invocations=24 (full 0):
 garbage-first heap   total 68608K, used 45056K [0x00000000c8e00000, 0x0000000100000000)
  region size 1024K, 2 young (2048K), 2 survivors (2048K)
 Metaspace       used 56575K, committed 56832K, reserved 1114112K
  class space    used 6571K, committed 6656K, reserved 1048576K
}
Event: 78.374 GC heap before
{Heap before GC invocations=24 (full 0):
 garbage-first heap   total 68608K, used 58368K [0x00000000c8e00000, 0x0000000100000000)
  region size 1024K, 15 young (15360K), 2 survivors (2048K)
 Metaspace       used 57380K, committed 57664K, reserved 1114112K
  class space    used 6605K, committed 6720K, reserved 1048576K
}
Event: 78.388 GC heap after
{Heap after GC invocations=25 (full 0):
 garbage-first heap   total 68608K, used 46734K [0x00000000c8e00000, 0x0000000100000000)
  region size 1024K, 2 young (2048K), 2 survivors (2048K)
 Metaspace       used 57380K, committed 57664K, reserved 1114112K
  class space    used 6605K, committed 6720K, reserved 1048576K
}
Event: 82.566 GC heap before
{Heap before GC invocations=26 (full 0):
 garbage-first heap   total 80896K, used 57998K [0x00000000c8e00000, 0x0000000100000000)
  region size 1024K, 14 young (14336K), 2 survivors (2048K)
 Metaspace       used 59923K, committed 60224K, reserved 1114112K
  class space    used 6869K, committed 6976K, reserved 1048576K
}
Event: 82.575 GC heap after
{Heap after GC invocations=27 (full 0):
 garbage-first heap   total 80896K, used 48035K [0x00000000c8e00000, 0x0000000100000000)
  region size 1024K, 2 young (2048K), 2 survivors (2048K)
 Metaspace       used 59923K, committed 60224K, reserved 1114112K
  class space    used 6869K, committed 6976K, reserved 1048576K
}
Event: 98.007 GC heap before
{Heap before GC invocations=27 (full 0):
 garbage-first heap   total 80896K, used 68515K [0x00000000c8e00000, 0x0000000100000000)
  region size 1024K, 22 young (22528K), 2 survivors (2048K)
 Metaspace       used 63283K, committed 63552K, reserved 1114112K
  class space    used 7138K, committed 7296K, reserved 1048576K
}
Event: 98.020 GC heap after
{Heap after GC invocations=28 (full 0):
 garbage-first heap   total 80896K, used 49588K [0x00000000c8e00000, 0x0000000100000000)
  region size 1024K, 3 young (3072K), 3 survivors (3072K)
 Metaspace       used 63283K, committed 63552K, reserved 1114112K
  class space    used 7138K, committed 7296K, reserved 1048576K
}
Event: 102.779 GC heap before
{Heap before GC invocations=28 (full 0):
 garbage-first heap   total 80896K, used 69044K [0x00000000c8e00000, 0x0000000100000000)
  region size 1024K, 23 young (23552K), 3 survivors (3072K)
 Metaspace       used 68151K, committed 68480K, reserved 1114112K
  class space    used 7580K, committed 7744K, reserved 1048576K
}
Event: 102.804 GC heap after
{Heap after GC invocations=29 (full 0):
 garbage-first heap   total 80896K, used 51475K [0x00000000c8e00000, 0x0000000100000000)
  region size 1024K, 2 young (2048K), 2 survivors (2048K)
 Metaspace       used 68151K, committed 68480K, reserved 1114112K
  class space    used 7580K, committed 7744K, reserved 1048576K
}
Event: 107.519 GC heap before
{Heap before GC invocations=30 (full 0):
 garbage-first heap   total 87040K, used 69907K [0x00000000c8e00000, 0x0000000100000000)
  region size 1024K, 21 young (21504K), 2 survivors (2048K)
 Metaspace       used 72484K, committed 72832K, reserved 1114112K
  class space    used 7981K, committed 8128K, reserved 1048576K
}
Event: 107.535 GC heap after
{Heap after GC invocations=31 (full 0):
 garbage-first heap   total 87040K, used 52826K [0x00000000c8e00000, 0x0000000100000000)
  region size 1024K, 2 young (2048K), 2 survivors (2048K)
 Metaspace       used 72484K, committed 72832K, reserved 1114112K
  class space    used 7981K, committed 8128K, reserved 1048576K
}
Event: 118.326 GC heap before
{Heap before GC invocations=31 (full 0):
 garbage-first heap   total 87040K, used 75354K [0x00000000c8e00000, 0x0000000100000000)
  region size 1024K, 25 young (25600K), 2 survivors (2048K)
 Metaspace       used 77962K, committed 78272K, reserved 1179648K
  class space    used 8488K, committed 8640K, reserved 1048576K
}
Event: 118.366 GC heap after
{Heap after GC invocations=32 (full 0):
 garbage-first heap   total 87040K, used 53801K [0x00000000c8e00000, 0x0000000100000000)
  region size 1024K, 3 young (3072K), 3 survivors (3072K)
 Metaspace       used 77962K, committed 78272K, reserved 1179648K
  class space    used 8488K, committed 8640K, reserved 1048576K
}

