# JRE version: OpenJDK Runtime Environment (21.0.9) (build 21.0.9+-14787801-b1163.94)
# Java VM: OpenJDK 64-Bit Server VM (21.0.9+-14787801-b1163.94, mixed mode, tiered, compressed oops, compressed class ptrs, g1 gc, windows-amd64)
GC Precious Log:
 CardTable entry size: 512
 Card Set container configuration: InlinePtr #cards 4 size 8 Array Of Cards #cards 16 size 48 Howl #buckets 8 coarsen threshold 3686 Howl Bitmap #cards 512 size 80 coarsen threshold 460 Card regions per heap region 1 cards per card region 4096
 CPUs: 4 total, 4 available
 Memory: 3521M
 Large Page Support: Disabled
 NUMA Support: Disabled
 Compressed Oops: Enabled (Zero based)
 Heap Region Size: 2M
 Heap Min Capacity: 8M
 Heap Initial Capacity: 56M
 Heap Max Capacity: 4G
 Pre-touch: Disabled
 Parallel Workers: 4
 Concurrent Workers: 1
 Concurrent Refinement Workers: 4
 Periodic GC: Disabled
Heap:
 garbage-first heap   total 440320K, used 389262K [0x0000000700000000, 0x0000000800000000)
  region size 2048K, 59 young (120832K), 6 survivors (12288K)
 Metaspace       used 208091K, committed 210880K, reserved 1245184K
  class space    used 27569K, committed 28928K, reserved 1048576K
GC Heap History (20 events):
Event: 326.515 GC heap before
{Heap before GC invocations=111 (full 0):
 garbage-first heap   total 356352K, used 326120K [0x0000000700000000, 0x0000000800000000)
  region size 2048K, 59 young (120832K), 5 survivors (10240K)
 Metaspace       used 170971K, committed 173312K, reserved 1245184K
  class space    used 23185K, committed 24320K, reserved 1048576K
}
Event: 326.751 GC heap after
{Heap after GC invocations=112 (full 0):
 garbage-first heap   total 356352K, used 221833K [0x0000000700000000, 0x0000000800000000)
  region size 2048K, 7 young (14336K), 7 survivors (14336K)
 Metaspace       used 170971K, committed 173312K, reserved 1245184K
  class space    used 23185K, committed 24320K, reserved 1048576K
}
Event: 349.605 GC heap before
{Heap before GC invocations=112 (full 0):
 garbage-first heap   total 356352K, used 328329K [0x0000000700000000, 0x0000000800000000)
  region size 2048K, 59 young (120832K), 7 survivors (14336K)
 Metaspace       used 185860K, committed 188352K, reserved 1245184K
  class space    used 24649K, committed 25856K, reserved 1048576K
}
Event: 349.909 GC heap after
{Heap after GC invocations=113 (full 0):
 garbage-first heap   total 356352K, used 225732K [0x0000000700000000, 0x0000000800000000)
  region size 2048K, 7 young (14336K), 7 survivors (14336K)
 Metaspace       used 185860K, committed 188352K, reserved 1245184K
  class space    used 24649K, committed 25856K, reserved 1048576K
}
Event: 399.616 GC heap before
{Heap before GC invocations=114 (full 0):
 garbage-first heap   total 378880K, used 330180K [0x0000000700000000, 0x0000000800000000)
  region size 2048K, 58 young (118784K), 7 survivors (14336K)
 Metaspace       used 191103K, committed 193664K, reserved 1245184K
  class space    used 25180K, committed 26368K, reserved 1048576K
}
Event: 399.829 GC heap after
{Heap after GC invocations=115 (full 0):
 garbage-first heap   total 378880K, used 231897K [0x0000000700000000, 0x0000000800000000)
  region size 2048K, 6 young (12288K), 6 survivors (12288K)
 Metaspace       used 191103K, committed 193664K, reserved 1245184K
  class space    used 25180K, committed 26368K, reserved 1048576K
}
Event: 419.922 GC heap before
{Heap before GC invocations=115 (full 0):
 garbage-first heap   total 378880K, used 348633K [0x0000000700000000, 0x0000000800000000)
  region size 2048K, 64 young (131072K), 6 survivors (12288K)
 Metaspace       used 199671K, committed 202304K, reserved 1245184K
  class space    used 26530K, committed 27776K, reserved 1048576K
}
Event: 420.006 GC heap after
{Heap after GC invocations=116 (full 0):
 garbage-first heap   total 378880K, used 235786K [0x0000000700000000, 0x0000000800000000)
  region size 2048K, 6 young (12288K), 6 survivors (12288K)
 Metaspace       used 199671K, committed 202304K, reserved 1245184K
  class space    used 26530K, committed 27776K, reserved 1048576K
}
Event: 441.166 GC heap before
{Heap before GC invocations=116 (full 0):
 garbage-first heap   total 378880K, used 354570K [0x0000000700000000, 0x0000000800000000)
  region size 2048K, 64 young (131072K), 6 survivors (12288K)
 Metaspace       used 203705K, committed 206336K, reserved 1245184K
  class space    used 27075K, committed 28352K, reserved 1048576K
}
Event: 441.238 GC heap after
{Heap after GC invocations=117 (full 0):
 garbage-first heap   total 378880K, used 242936K [0x0000000700000000, 0x0000000800000000)
  region size 2048K, 7 young (14336K), 7 survivors (14336K)
 Metaspace       used 203705K, committed 206336K, reserved 1245184K
  class space    used 27075K, committed 28352K, reserved 1048576K
}
Event: 451.768 GC heap before
{Heap before GC invocations=118 (full 0):
 garbage-first heap   total 409600K, used 351480K [0x0000000700000000, 0x0000000800000000)
  region size 2048K, 61 young (124928K), 7 survivors (14336K)
 Metaspace       used 203724K, committed 206464K, reserved 1245184K
  class space    used 27075K, committed 28352K, reserved 1048576K
}
Event: 451.829 GC heap after
{Heap after GC invocations=119 (full 0):
 garbage-first heap   total 409600K, used 248525K [0x0000000700000000, 0x0000000800000000)
  region size 2048K, 7 young (14336K), 7 survivors (14336K)
 Metaspace       used 203724K, committed 206464K, reserved 1245184K
  class space    used 27075K, committed 28352K, reserved 1048576K
}
Event: 498.881 GC heap before
{Heap before GC invocations=119 (full 0):
 garbage-first heap   total 409600K, used 379597K [0x0000000700000000, 0x0000000800000000)
  region size 2048K, 72 young (147456K), 7 survivors (14336K)
 Metaspace       used 205352K, committed 208128K, reserved 1245184K
  class space    used 27372K, committed 28736K, reserved 1048576K
}
Event: 499.245 GC heap after
{Heap after GC invocations=120 (full 0):
 garbage-first heap   total 413696K, used 258761K [0x0000000700000000, 0x0000000800000000)
  region size 2048K, 9 young (18432K), 9 survivors (18432K)
 Metaspace       used 205352K, committed 208128K, reserved 1245184K
  class space    used 27372K, committed 28736K, reserved 1048576K
}
Event: 506.682 GC heap before
{Heap before GC invocations=120 (full 0):
 garbage-first heap   total 413696K, used 377545K [0x0000000700000000, 0x0000000800000000)
  region size 2048K, 68 young (139264K), 9 survivors (18432K)
 Metaspace       used 205359K, committed 208128K, reserved 1245184K
  class space    used 27372K, committed 28736K, reserved 1048576K
}
Event: 506.782 GC heap after
{Heap after GC invocations=121 (full 0):
 garbage-first heap   total 413696K, used 262688K [0x0000000700000000, 0x0000000800000000)
  region size 2048K, 4 young (8192K), 4 survivors (8192K)
 Metaspace       used 205359K, committed 208128K, reserved 1245184K
  class space    used 27372K, committed 28736K, reserved 1048576K
}
Event: 535.922 GC heap before
{Heap before GC invocations=122 (full 0):
 garbage-first heap   total 440320K, used 381472K [0x0000000700000000, 0x0000000800000000)
  region size 2048K, 62 young (126976K), 4 survivors (8192K)
 Metaspace       used 206386K, committed 209216K, reserved 1245184K
  class space    used 27424K, committed 28800K, reserved 1048576K
}
Event: 536.002 GC heap after
{Heap after GC invocations=123 (full 0):
 garbage-first heap   total 440320K, used 274354K [0x0000000700000000, 0x0000000800000000)
  region size 2048K, 8 young (16384K), 8 survivors (16384K)
 Metaspace       used 206386K, committed 209216K, reserved 1245184K
  class space    used 27424K, committed 28800K, reserved 1048576K
}
Event: 548.941 GC heap before
{Heap before GC invocations=123 (full 0):
 garbage-first heap   total 440320K, used 386994K [0x0000000700000000, 0x0000000800000000)
  region size 2048K, 63 young (129024K), 8 survivors (16384K)
 Metaspace       used 207074K, committed 209856K, reserved 1245184K
  class space    used 27471K, committed 28800K, reserved 1048576K
}
Event: 549.019 GC heap after
{Heap after GC invocations=124 (full 0):
 garbage-first heap   total 440320K, used 284814K [0x0000000700000000, 0x0000000800000000)
  region size 2048K, 6 young (12288K), 6 survivors (12288K)
 Metaspace       used 207074K, committed 209856K, reserved 1245184K
  class space    used 27471K, committed 28800K, reserved 1048576K
}

