# JRE version: OpenJDK Runtime Environment (21.0.9) (build 21.0.9+-14787801-b1163.94)
# Java VM: OpenJDK 64-Bit Server VM (21.0.9+-14787801-b1163.94, mixed mode, tiered, compressed oops, compressed class ptrs, g1 gc, windows-amd64)
GC Precious Log:
 CardTable entry size: 512
 Card Set container configuration: InlinePtr #cards 5 size 8 Array Of Cards #cards 12 size 40 Howl #buckets 4 coarsen threshold 1843 Howl Bitmap #cards 512 size 80 coarsen threshold 460 Card regions per heap region 1 cards per card region 2048
 CPUs: 4 total, 4 available
 Memory: 3521M
 Large Page Support: Disabled
 NUMA Support: Disabled
 Compressed Oops: Enabled (32-bit)
 Heap Region Size: 1M
 Heap Min Capacity: 8M
 Heap Initial Capacity: 56M
 Heap Max Capacity: 1G
 Pre-touch: Disabled
 Parallel Workers: 4
 Concurrent Workers: 1
 Concurrent Refinement Workers: 4
 Periodic GC: Disabled
Heap:
 garbage-first heap   total 104448K, used 71158K [0x00000000c0000000, 0x0000000100000000)
  region size 1024K, 13 young (13312K), 3 survivors (3072K)
 Metaspace       used 78437K, committed 80128K, reserved 557056K
  class space    used 11132K, committed 11968K, reserved 425984K
GC Heap History (20 events):
Event: 135.026 GC heap before
{Heap before GC invocations=28 (full 0):
 garbage-first heap   total 65536K, used 60980K [0x00000000c0000000, 0x0000000100000000)
  region size 1024K, 22 young (22528K), 2 survivors (2048K)
 Metaspace       used 62470K, committed 64064K, reserved 491520K
  class space    used 8785K, committed 9536K, reserved 425984K
}
Event: 135.045 GC heap after
{Heap after GC invocations=29 (full 0):
 garbage-first heap   total 65536K, used 41736K [0x00000000c0000000, 0x0000000100000000)
  region size 1024K, 2 young (2048K), 2 survivors (2048K)
 Metaspace       used 62470K, committed 64064K, reserved 491520K
  class space    used 8785K, committed 9536K, reserved 425984K
}
Event: 138.166 GC heap before
{Heap before GC invocations=30 (full 0):
 garbage-first heap   total 70656K, used 61192K [0x00000000c0000000, 0x0000000100000000)
  region size 1024K, 21 young (21504K), 2 survivors (2048K)
 Metaspace       used 63500K, committed 65088K, reserved 491520K
  class space    used 8937K, committed 9728K, reserved 425984K
}
Event: 138.179 GC heap after
{Heap after GC invocations=31 (full 0):
 garbage-first heap   total 70656K, used 46257K [0x00000000c0000000, 0x0000000100000000)
  region size 1024K, 3 young (3072K), 3 survivors (3072K)
 Metaspace       used 63500K, committed 65088K, reserved 491520K
  class space    used 8937K, committed 9728K, reserved 425984K
}
Event: 140.006 GC heap before
{Heap before GC invocations=31 (full 0):
 garbage-first heap   total 70656K, used 61617K [0x00000000c0000000, 0x0000000100000000)
  region size 1024K, 19 young (19456K), 3 survivors (3072K)
 Metaspace       used 63787K, committed 65408K, reserved 491520K
  class space    used 8954K, committed 9728K, reserved 425984K
}
Event: 140.015 GC heap after
{Heap after GC invocations=32 (full 0):
 garbage-first heap   total 70656K, used 49569K [0x00000000c0000000, 0x0000000100000000)
  region size 1024K, 3 young (3072K), 3 survivors (3072K)
 Metaspace       used 63787K, committed 65408K, reserved 491520K
  class space    used 8954K, committed 9728K, reserved 425984K
}
Event: 141.001 GC heap before
{Heap before GC invocations=32 (full 0):
 garbage-first heap   total 70656K, used 62881K [0x00000000c0000000, 0x0000000100000000)
  region size 1024K, 16 young (16384K), 3 survivors (3072K)
 Metaspace       used 64508K, committed 66176K, reserved 491520K
  class space    used 9066K, committed 9856K, reserved 425984K
}
Event: 141.009 GC heap after
{Heap after GC invocations=33 (full 0):
 garbage-first heap   total 70656K, used 49060K [0x00000000c0000000, 0x0000000100000000)
  region size 1024K, 1 young (1024K), 1 survivors (1024K)
 Metaspace       used 64508K, committed 66176K, reserved 491520K
  class space    used 9066K, committed 9856K, reserved 425984K
}
Event: 142.914 GC heap before
{Heap before GC invocations=34 (full 0):
 garbage-first heap   total 81920K, used 63396K [0x00000000c0000000, 0x0000000100000000)
  region size 1024K, 16 young (16384K), 1 survivors (1024K)
 Metaspace       used 66179K, committed 67840K, reserved 491520K
  class space    used 9370K, committed 10176K, reserved 425984K
}
Event: 142.919 GC heap after
{Heap after GC invocations=35 (full 0):
 garbage-first heap   total 81920K, used 49581K [0x00000000c0000000, 0x0000000100000000)
  region size 1024K, 2 young (2048K), 2 survivors (2048K)
 Metaspace       used 66179K, committed 67840K, reserved 491520K
  class space    used 9370K, committed 10176K, reserved 425984K
}
Event: 151.563 GC heap before
{Heap before GC invocations=35 (full 0):
 garbage-first heap   total 81920K, used 79277K [0x00000000c0000000, 0x0000000100000000)
  region size 1024K, 25 young (25600K), 2 survivors (2048K)
 Metaspace       used 68377K, committed 70144K, reserved 491520K
  class space    used 9711K, committed 10560K, reserved 425984K
}
Event: 151.570 GC heap after
{Heap after GC invocations=36 (full 0):
 garbage-first heap   total 86016K, used 57659K [0x00000000c0000000, 0x0000000100000000)
  region size 1024K, 4 young (4096K), 4 survivors (4096K)
 Metaspace       used 68377K, committed 70144K, reserved 491520K
  class space    used 9711K, committed 10560K, reserved 425984K
}
Event: 153.868 GC heap before
{Heap before GC invocations=36 (full 0):
 garbage-first heap   total 86016K, used 78139K [0x00000000c0000000, 0x0000000100000000)
  region size 1024K, 24 young (24576K), 4 survivors (4096K)
 Metaspace       used 70815K, committed 72512K, reserved 491520K
  class space    used 10055K, committed 10880K, reserved 425984K
}
Event: 153.880 GC heap after
{Heap after GC invocations=37 (full 0):
 garbage-first heap   total 86016K, used 57763K [0x00000000c0000000, 0x0000000100000000)
  region size 1024K, 1 young (1024K), 1 survivors (1024K)
 Metaspace       used 70815K, committed 72512K, reserved 491520K
  class space    used 10055K, committed 10880K, reserved 425984K
}
Event: 156.825 GC heap before
{Heap before GC invocations=38 (full 0):
 garbage-first heap   total 97280K, used 79267K [0x00000000c0000000, 0x0000000100000000)
  region size 1024K, 22 young (22528K), 1 survivors (1024K)
 Metaspace       used 73714K, committed 75520K, reserved 491520K
  class space    used 10445K, committed 11328K, reserved 425984K
}
Event: 156.829 GC heap after
{Heap after GC invocations=39 (full 0):
 garbage-first heap   total 97280K, used 58549K [0x00000000c0000000, 0x0000000100000000)
  region size 1024K, 2 young (2048K), 2 survivors (2048K)
 Metaspace       used 73714K, committed 75520K, reserved 491520K
  class space    used 10445K, committed 11328K, reserved 425984K
}
Event: 161.583 GC heap before
{Heap before GC invocations=39 (full 0):
 garbage-first heap   total 97280K, used 89269K [0x00000000c0000000, 0x0000000100000000)
  region size 1024K, 32 young (32768K), 2 survivors (2048K)
 Metaspace       used 76433K, committed 78208K, reserved 557056K
  class space    used 10848K, committed 11712K, reserved 425984K
}
Event: 161.589 GC heap after
{Heap after GC invocations=40 (full 0):
 garbage-first heap   total 97280K, used 58309K [0x00000000c0000000, 0x0000000100000000)
  region size 1024K, 3 young (3072K), 3 survivors (3072K)
 Metaspace       used 76433K, committed 78208K, reserved 557056K
  class space    used 10848K, committed 11712K, reserved 425984K
}
Event: 164.824 GC heap before
{Heap before GC invocations=40 (full 0):
 garbage-first heap   total 97280K, used 78789K [0x00000000c0000000, 0x0000000100000000)
  region size 1024K, 24 young (24576K), 3 survivors (3072K)
 Metaspace       used 77873K, committed 79616K, reserved 557056K
  class space    used 11046K, committed 11904K, reserved 425984K
}
Event: 164.833 GC heap after
{Heap after GC invocations=41 (full 0):
 garbage-first heap   total 97280K, used 58870K [0x00000000c0000000, 0x0000000100000000)
  region size 1024K, 3 young (3072K), 3 survivors (3072K)
 Metaspace       used 77873K, committed 79616K, reserved 557056K
  class space    used 11046K, committed 11904K, reserved 425984K
}

