# JRE version: OpenJDK Runtime Environment (21.0.9) (build 21.0.9+-14787801-b1163.94)
# Java VM: OpenJDK 64-Bit Server VM (21.0.9+-14787801-b1163.94, mixed mode, tiered, compressed oops, compressed class ptrs, g1 gc, windows-amd64)
GC Precious Log:
 CardTable entry size: 512
 Card Set container configuration: InlinePtr #cards 5 size 8 Array Of Cards #cards 12 size 40 Howl #buckets 4 coarsen threshold 1843 Howl Bitmap #cards 512 size 80 coarsen threshold 460 Card regions per heap region 1 cards per card region 2048
 CPUs: 4 total, 4 available
 Memory: 3521M
 Large Page Support: Disabled
 NUMA Support: Disabled
 Compressed Oops: Enabled (32-bit)
 Heap Region Size: 1M
 Heap Min Capacity: 8M
 Heap Initial Capacity: 56M
 Heap Max Capacity: 2G
 Pre-touch: Disabled
 Parallel Workers: 4
 Concurrent Workers: 1
 Concurrent Refinement Workers: 4
 Periodic GC: Disabled
Heap:
 garbage-first heap   total 57344K, used 43069K [0x0000000080000000, 0x0000000100000000)
  region size 1024K, 26 young (26624K), 2 survivors (2048K)
 Metaspace       used 25600K, committed 25984K, reserved 917504K
  class space    used 3169K, committed 3328K, reserved 851968K
GC Heap History (16 events):
Event: 13.031 GC heap before
{Heap before GC invocations=0 (full 0):
 garbage-first heap   total 57344K, used 13312K [0x0000000080000000, 0x0000000100000000)
  region size 1024K, 13 young (13312K), 0 survivors (0K)
 Metaspace       used 7827K, committed 8000K, reserved 917504K
  class space    used 739K, committed 832K, reserved 851968K
}
Event: 13.639 GC heap after
{Heap after GC invocations=1 (full 0):
 garbage-first heap   total 57344K, used 1024K [0x0000000080000000, 0x0000000100000000)
  region size 1024K, 1 young (1024K), 1 survivors (1024K)
 Metaspace       used 7827K, committed 8000K, reserved 917504K
  class space    used 739K, committed 832K, reserved 851968K
}
Event: 21.443 GC heap before
{Heap before GC invocations=1 (full 0):
 garbage-first heap   total 57344K, used 25600K [0x0000000080000000, 0x0000000100000000)
  region size 1024K, 25 young (25600K), 1 survivors (1024K)
 Metaspace       used 8509K, committed 8640K, reserved 917504K
  class space    used 783K, committed 832K, reserved 851968K
}
Event: 21.450 GC heap after
{Heap after GC invocations=2 (full 0):
 garbage-first heap   total 57344K, used 2452K [0x0000000080000000, 0x0000000100000000)
  region size 1024K, 3 young (3072K), 3 survivors (3072K)
 Metaspace       used 8509K, committed 8640K, reserved 917504K
  class space    used 783K, committed 832K, reserved 851968K
}
Event: 32.701 GC heap before
{Heap before GC invocations=2 (full 0):
 garbage-first heap   total 57344K, used 35220K [0x0000000080000000, 0x0000000100000000)
  region size 1024K, 33 young (33792K), 3 survivors (3072K)
 Metaspace       used 11675K, committed 11840K, reserved 917504K
  class space    used 1261K, committed 1344K, reserved 851968K
}
Event: 32.716 GC heap after
{Heap after GC invocations=3 (full 0):
 garbage-first heap   total 57344K, used 10433K [0x0000000080000000, 0x0000000100000000)
  region size 1024K, 5 young (5120K), 5 survivors (5120K)
 Metaspace       used 11675K, committed 11840K, reserved 917504K
  class space    used 1261K, committed 1344K, reserved 851968K
}
Event: 38.468 GC heap before
{Heap before GC invocations=3 (full 0):
 garbage-first heap   total 57344K, used 39105K [0x0000000080000000, 0x0000000100000000)
  region size 1024K, 33 young (33792K), 5 survivors (5120K)
 Metaspace       used 12605K, committed 12800K, reserved 917504K
  class space    used 1377K, committed 1472K, reserved 851968K
}
Event: 38.479 GC heap after
{Heap after GC invocations=4 (full 0):
 garbage-first heap   total 57344K, used 11233K [0x0000000080000000, 0x0000000100000000)
  region size 1024K, 1 young (1024K), 1 survivors (1024K)
 Metaspace       used 12605K, committed 12800K, reserved 917504K
  class space    used 1377K, committed 1472K, reserved 851968K
}
Event: 41.558 GC heap before
{Heap before GC invocations=4 (full 0):
 garbage-first heap   total 57344K, used 40929K [0x0000000080000000, 0x0000000100000000)
  region size 1024K, 30 young (30720K), 1 survivors (1024K)
 Metaspace       used 12663K, committed 12864K, reserved 917504K
  class space    used 1379K, committed 1472K, reserved 851968K
}
Event: 41.561 GC heap after
{Heap after GC invocations=5 (full 0):
 garbage-first heap   total 57344K, used 11624K [0x0000000080000000, 0x0000000100000000)
  region size 1024K, 1 young (1024K), 1 survivors (1024K)
 Metaspace       used 12663K, committed 12864K, reserved 917504K
  class space    used 1379K, committed 1472K, reserved 851968K
}
Event: 45.329 GC heap before
{Heap before GC invocations=5 (full 0):
 garbage-first heap   total 57344K, used 46440K [0x0000000080000000, 0x0000000100000000)
  region size 1024K, 33 young (33792K), 1 survivors (1024K)
 Metaspace       used 12751K, committed 12928K, reserved 917504K
  class space    used 1381K, committed 1472K, reserved 851968K
}
Event: 45.336 GC heap after
{Heap after GC invocations=6 (full 0):
 garbage-first heap   total 57344K, used 15974K [0x0000000080000000, 0x0000000100000000)
  region size 1024K, 5 young (5120K), 5 survivors (5120K)
 Metaspace       used 12751K, committed 12928K, reserved 917504K
  class space    used 1381K, committed 1472K, reserved 851968K
}
Event: 64.266 GC heap before
{Heap before GC invocations=6 (full 0):
 garbage-first heap   total 57344K, used 44646K [0x0000000080000000, 0x0000000100000000)
  region size 1024K, 33 young (33792K), 5 survivors (5120K)
 Metaspace       used 19468K, committed 19776K, reserved 917504K
  class space    used 2261K, committed 2432K, reserved 851968K
}
Event: 64.287 GC heap after
{Heap after GC invocations=7 (full 0):
 garbage-first heap   total 57344K, used 19587K [0x0000000080000000, 0x0000000100000000)
  region size 1024K, 4 young (4096K), 4 survivors (4096K)
 Metaspace       used 19468K, committed 19776K, reserved 917504K
  class space    used 2261K, committed 2432K, reserved 851968K
}
Event: 75.155 GC heap before
{Heap before GC invocations=7 (full 0):
 garbage-first heap   total 57344K, used 25731K [0x0000000080000000, 0x0000000100000000)
  region size 1024K, 12 young (12288K), 4 survivors (4096K)
 Metaspace       used 21178K, committed 21504K, reserved 917504K
  class space    used 2497K, committed 2624K, reserved 851968K
}
Event: 75.177 GC heap after
{Heap after GC invocations=8 (full 0):
 garbage-first heap   total 57344K, used 20541K [0x0000000080000000, 0x0000000100000000)
  region size 1024K, 2 young (2048K), 2 survivors (2048K)
 Metaspace       used 21178K, committed 21504K, reserved 917504K
  class space    used 2497K, committed 2624K, reserved 851968K
}

