# JRE version: OpenJDK Runtime Environment (21.0.9) (build 21.0.9+-14787801-b1163.94)
# Java VM: OpenJDK 64-Bit Server VM (21.0.9+-14787801-b1163.94, mixed mode, tiered, compressed oops, compressed class ptrs, g1 gc, windows-amd64)
GC Precious Log:
 CardTable entry size: 512
 Card Set container configuration: InlinePtr #cards 5 size 8 Array Of Cards #cards 12 size 40 Howl #buckets 4 coarsen threshold 1843 Howl Bitmap #cards 512 size 80 coarsen threshold 460 Card regions per heap region 1 cards per card region 2048
 CPUs: 4 total, 4 available
 Memory: 3521M
 Large Page Support: Disabled
 NUMA Support: Disabled
 Compressed Oops: Enabled (32-bit)
 Heap Region Size: 1M
 Heap Min Capacity: 8M
 Heap Initial Capacity: 56M
 Heap Max Capacity: 1G
 Pre-touch: Disabled
 Parallel Workers: 4
 Concurrent Workers: 1
 Concurrent Refinement Workers: 4
 Periodic GC: Disabled
Heap:
 garbage-first heap   total 263168K, used 194024K [0x00000000c0000000, 0x0000000100000000)
  region size 1024K, 42 young (43008K), 5 survivors (5120K)
 Metaspace       used 149265K, committed 151744K, reserved 557056K
  class space    used 20750K, committed 21952K, reserved 425984K
GC Heap History (20 events):
Event: 339.820 GC heap before
{Heap before GC invocations=75 (full 0):
 garbage-first heap   total 188416K, used 175886K [0x00000000c0000000, 0x0000000100000000)
  region size 1024K, 67 young (68608K), 4 survivors (4096K)
 Metaspace       used 111976K, committed 113984K, reserved 557056K
  class space    used 15755K, committed 16704K, reserved 425984K
}
Event: 339.830 GC heap after
{Heap after GC invocations=76 (full 0):
 garbage-first heap   total 188416K, used 110329K [0x00000000c0000000, 0x0000000100000000)
  region size 1024K, 4 young (4096K), 4 survivors (4096K)
 Metaspace       used 111976K, committed 113984K, reserved 557056K
  class space    used 15755K, committed 16704K, reserved 425984K
}
Event: 342.128 GC heap before
{Heap before GC invocations=76 (full 0):
 garbage-first heap   total 188416K, used 176889K [0x00000000c0000000, 0x0000000100000000)
  region size 1024K, 69 young (70656K), 4 survivors (4096K)
 Metaspace       used 111977K, committed 113984K, reserved 557056K
  class space    used 15755K, committed 16704K, reserved 425984K
}
Event: 342.142 GC heap after
{Heap after GC invocations=77 (full 0):
 garbage-first heap   total 188416K, used 110325K [0x00000000c0000000, 0x0000000100000000)
  region size 1024K, 4 young (4096K), 4 survivors (4096K)
 Metaspace       used 111977K, committed 113984K, reserved 557056K
  class space    used 15755K, committed 16704K, reserved 425984K
}
Event: 343.985 GC heap before
{Heap before GC invocations=77 (full 0):
 garbage-first heap   total 188416K, used 177909K [0x00000000c0000000, 0x0000000100000000)
  region size 1024K, 70 young (71680K), 4 survivors (4096K)
 Metaspace       used 111978K, committed 113984K, reserved 557056K
  class space    used 15755K, committed 16704K, reserved 425984K
}
Event: 343.998 GC heap after
{Heap after GC invocations=78 (full 0):
 garbage-first heap   total 188416K, used 109210K [0x00000000c0000000, 0x0000000100000000)
  region size 1024K, 4 young (4096K), 4 survivors (4096K)
 Metaspace       used 111978K, committed 113984K, reserved 557056K
  class space    used 15755K, committed 16704K, reserved 425984K
}
Event: 364.775 GC heap before
{Heap before GC invocations=78 (full 0):
 garbage-first heap   total 188416K, used 177818K [0x00000000c0000000, 0x0000000100000000)
  region size 1024K, 71 young (72704K), 4 survivors (4096K)
 Metaspace       used 118272K, committed 120320K, reserved 557056K
  class space    used 17004K, committed 18048K, reserved 425984K
}
Event: 364.868 GC heap after
{Heap after GC invocations=79 (full 0):
 garbage-first heap   total 188416K, used 110454K [0x00000000c0000000, 0x0000000100000000)
  region size 1024K, 5 young (5120K), 5 survivors (5120K)
 Metaspace       used 118272K, committed 120320K, reserved 557056K
  class space    used 17004K, committed 18048K, reserved 425984K
}
Event: 377.337 GC heap before
{Heap before GC invocations=80 (full 0):
 garbage-first heap   total 188416K, used 178038K [0x00000000c0000000, 0x0000000100000000)
  region size 1024K, 71 young (72704K), 5 survivors (5120K)
 Metaspace       used 126979K, committed 129088K, reserved 557056K
  class space    used 18118K, committed 19136K, reserved 425984K
}
Event: 377.354 GC heap after
{Heap after GC invocations=81 (full 0):
 garbage-first heap   total 188416K, used 111865K [0x00000000c0000000, 0x0000000100000000)
  region size 1024K, 7 young (7168K), 7 survivors (7168K)
 Metaspace       used 126979K, committed 129088K, reserved 557056K
  class space    used 18118K, committed 19136K, reserved 425984K
}
Event: 379.916 GC heap before
{Heap before GC invocations=81 (full 0):
 garbage-first heap   total 188416K, used 185593K [0x00000000c0000000, 0x0000000100000000)
  region size 1024K, 71 young (72704K), 7 survivors (7168K)
 Metaspace       used 127824K, committed 129984K, reserved 557056K
  class space    used 18174K, committed 19200K, reserved 425984K
}
Event: 379.978 GC heap after
{Heap after GC invocations=82 (full 0):
 garbage-first heap   total 215040K, used 131373K [0x00000000c0000000, 0x0000000100000000)
  region size 1024K, 9 young (9216K), 9 survivors (9216K)
 Metaspace       used 127824K, committed 129984K, reserved 557056K
  class space    used 18174K, committed 19200K, reserved 425984K
}
Event: 384.202 GC heap before
{Heap before GC invocations=82 (full 0):
 garbage-first heap   total 215040K, used 188717K [0x00000000c0000000, 0x0000000100000000)
  region size 1024K, 66 young (67584K), 9 survivors (9216K)
 Metaspace       used 131944K, committed 134080K, reserved 557056K
  class space    used 18665K, committed 19712K, reserved 425984K
}
Event: 384.235 GC heap after
{Heap after GC invocations=83 (full 0):
 garbage-first heap   total 215040K, used 140800K [0x00000000c0000000, 0x0000000100000000)
  region size 1024K, 8 young (8192K), 8 survivors (8192K)
 Metaspace       used 131944K, committed 134080K, reserved 557056K
  class space    used 18665K, committed 19712K, reserved 425984K
}
Event: 389.315 GC heap before
{Heap before GC invocations=84 (full 0):
 garbage-first heap   total 245760K, used 199168K [0x00000000c0000000, 0x0000000100000000)
  region size 1024K, 59 young (60416K), 8 survivors (8192K)
 Metaspace       used 137245K, committed 139392K, reserved 557056K
  class space    used 19146K, committed 20160K, reserved 425984K
}
Event: 389.351 GC heap after
{Heap after GC invocations=85 (full 0):
 garbage-first heap   total 245760K, used 152424K [0x00000000c0000000, 0x0000000100000000)
  region size 1024K, 5 young (5120K), 5 survivors (5120K)
 Metaspace       used 137245K, committed 139392K, reserved 557056K
  class space    used 19146K, committed 20160K, reserved 425984K
}
Event: 401.525 GC heap before
{Heap before GC invocations=85 (full 0):
 garbage-first heap   total 245760K, used 218984K [0x00000000c0000000, 0x0000000100000000)
  region size 1024K, 70 young (71680K), 5 survivors (5120K)
 Metaspace       used 144659K, committed 147072K, reserved 557056K
  class space    used 20143K, committed 21312K, reserved 425984K
}
Event: 401.544 GC heap after
{Heap after GC invocations=86 (full 0):
 garbage-first heap   total 245760K, used 154469K [0x00000000c0000000, 0x0000000100000000)
  region size 1024K, 8 young (8192K), 8 survivors (8192K)
 Metaspace       used 144659K, committed 147072K, reserved 557056K
  class space    used 20143K, committed 21312K, reserved 425984K
}
Event: 405.781 GC heap before
{Heap before GC invocations=86 (full 0):
 garbage-first heap   total 245760K, used 178021K [0x00000000c0000000, 0x0000000100000000)
  region size 1024K, 32 young (32768K), 8 survivors (8192K)
 Metaspace       used 147691K, committed 150144K, reserved 557056K
  class space    used 20573K, committed 21760K, reserved 425984K
}
Event: 405.812 GC heap after
{Heap after GC invocations=87 (full 0):
 garbage-first heap   total 245760K, used 156136K [0x00000000c0000000, 0x0000000100000000)
  region size 1024K, 5 young (5120K), 5 survivors (5120K)
 Metaspace       used 147691K, committed 150144K, reserved 557056K
  class space    used 20573K, committed 21760K, reserved 425984K
}

